# JRE version: Java(TM) SE Runtime Environment (8.0_201-b09) (build 1.8.0_201-b09)
# Java VM: Java HotSpot(TM) 64-Bit Server VM (25.201-b09 mixed mode linux-amd64 compressed oops)
Heap:
 PSYoungGen      total 362496K, used 10790K [0x00000000d7200000, 0x00000000ee600000, 0x0000000100000000)
  eden space 345088K, 0% used [0x00000000d7200000,0x00000000d7200000,0x00000000ec300000)
  from space 17408K, 61% used [0x00000000ec300000,0x00000000ecd89980,0x00000000ed400000)
  to   space 17920K, 0% used [0x00000000ed400000,0x00000000ed400000,0x00000000ee580000)
 ParOldGen       total 101376K, used 30017K [0x0000000085600000, 0x000000008b900000, 0x00000000d7200000)
  object space 101376K, 29% used [0x0000000085600000,0x0000000087350780,0x000000008b900000)
 Metaspace       used 57526K, capacity 60034K, committed 60248K, reserved 1101824K
  class space    used 7519K, capacity 7962K, committed 8064K, reserved 1048576K
GC Heap History (10 events):
Event: 26,904 GC heap after
Heap after GC invocations=11 (full 2):
 PSYoungGen      total 202240K, used 12267K [0x00000000d7200000, 0x00000000e9100000, 0x0000000100000000)
  eden space 189952K, 0% used [0x00000000d7200000,0x00000000d7200000,0x00000000e2b80000)
  from space 12288K, 99% used [0x00000000e2b80000,0x00000000e377ad38,0x00000000e3780000)
  to   space 15360K, 0% used [0x00000000e8200000,0x00000000e8200000,0x00000000e9100000)
 ParOldGen       total 74752K, used 22319K [0x0000000085600000, 0x0000000089f00000, 0x00000000d7200000)
  object space 74752K, 29% used [0x0000000085600000,0x0000000086bcbe10,0x0000000089f00000)
 Metaspace       used 47983K, capacity 49656K, committed 49880K, reserved 1093632K
  class space    used 6282K, capacity 6617K, committed 6656K, reserved 1048576K
}
Event: 46,883 GC heap before
{Heap before GC invocations=12 (full 2):
 PSYoungGen      total 202240K, used 202219K [0x00000000d7200000, 0x00000000e9100000, 0x0000000100000000)
  eden space 189952K, 100% used [0x00000000d7200000,0x00000000e2b80000,0x00000000e2b80000)
  from space 12288K, 99% used [0x00000000e2b80000,0x00000000e377ad38,0x00000000e3780000)
  to   space 15360K, 0% used [0x00000000e8200000,0x00000000e8200000,0x00000000e9100000)
 ParOldGen       total 74752K, used 22319K [0x0000000085600000, 0x0000000089f00000, 0x00000000d7200000)
  object space 74752K, 29% used [0x0000000085600000,0x0000000086bcbe10,0x0000000089f00000)
 Metaspace       used 56181K, capacity 58520K, committed 58584K, reserved 1099776K
  class space    used 7450K, capacity 7887K, committed 7936K, reserved 1048576K
Event: 46,898 GC heap after
Heap after GC invocations=12 (full 2):
 PSYoungGen      total 271872K, used 15349K [0x00000000d7200000, 0x00000000e9100000, 0x0000000100000000)
  eden space 256512K, 0% used [0x00000000d7200000,0x00000000d7200000,0x00000000e6c80000)
  from space 15360K, 99% used [0x00000000e8200000,0x00000000e90fd478,0x00000000e9100000)
  to   space 18432K, 0% used [0x00000000e6d00000,0x00000000e6d00000,0x00000000e7f00000)
 ParOldGen       total 74752K, used 24815K [0x0000000085600000, 0x0000000089f00000, 0x00000000d7200000)
  object space 74752K, 33% used [0x0000000085600000,0x0000000086e3bd60,0x0000000089f00000)
 Metaspace       used 56181K, capacity 58520K, committed 58584K, reserved 1099776K
  class space    used 7450K, capacity 7887K, committed 7936K, reserved 1048576K
}
Event: 65,068 GC heap before
{Heap before GC invocations=13 (full 2):
 PSYoungGen      total 271872K, used 149771K [0x00000000d7200000, 0x00000000e9100000, 0x0000000100000000)
  eden space 256512K, 52% used [0x00000000d7200000,0x00000000df545a78,0x00000000e6c80000)
  from space 15360K, 99% used [0x00000000e8200000,0x00000000e90fd478,0x00000000e9100000)
  to   space 18432K, 0% used [0x00000000e6d00000,0x00000000e6d00000,0x00000000e7f00000)
 ParOldGen       total 74752K, used 24815K [0x0000000085600000, 0x0000000089f00000, 0x00000000d7200000)
  object space 74752K, 33% used [0x0000000085600000,0x0000000086e3bd60,0x0000000089f00000)
 Metaspace       used 56629K, capacity 58962K, committed 59028K, reserved 1099776K
  class space    used 7473K, capacity 7907K, committed 7936K, reserved 1048576K
Event: 65,451 GC heap after
Heap after GC invocations=13 (full 2):
 PSYoungGen      total 275456K, used 5644K [0x00000000d7200000, 0x00000000ee580000, 0x0000000100000000)
  eden space 257024K, 0% used [0x00000000d7200000,0x00000000d7200000,0x00000000e6d00000)
  from space 18432K, 30% used [0x00000000e6d00000,0x00000000e7283208,0x00000000e7f00000)
  to   space 17920K, 0% used [0x00000000ed400000,0x00000000ed400000,0x00000000ee580000)
 ParOldGen       total 74752K, used 35998K [0x0000000085600000, 0x0000000089f00000, 0x00000000d7200000)
  object space 74752K, 48% used [0x0000000085600000,0x0000000087927ad0,0x0000000089f00000)
 Metaspace       used 56629K, capacity 58962K, committed 59028K, reserved 1099776K
  class space    used 7473K, capacity 7907K, committed 7936K, reserved 1048576K
}
Event: 65,454 GC heap before
{Heap before GC invocations=14 (full 3):
 PSYoungGen      total 275456K, used 5644K [0x00000000d7200000, 0x00000000ee580000, 0x0000000100000000)
  eden space 257024K, 0% used [0x00000000d7200000,0x00000000d7200000,0x00000000e6d00000)
  from space 18432K, 30% used [0x00000000e6d00000,0x00000000e7283208,0x00000000e7f00000)
  to   space 17920K, 0% used [0x00000000ed400000,0x00000000ed400000,0x00000000ee580000)
 ParOldGen       total 74752K, used 35998K [0x0000000085600000, 0x0000000089f00000, 0x00000000d7200000)
  object space 74752K, 48% used [0x0000000085600000,0x0000000087927ad0,0x0000000089f00000)
 Metaspace       used 56629K, capacity 58962K, committed 59028K, reserved 1099776K
  class space    used 7473K, capacity 7907K, committed 7936K, reserved 1048576K
Event: 65,806 GC heap after
Heap after GC invocations=14 (full 3):
 PSYoungGen      total 275456K, used 0K [0x00000000d7200000, 0x00000000ee580000, 0x0000000100000000)
  eden space 257024K, 0% used [0x00000000d7200000,0x00000000d7200000,0x00000000e6d00000)
  from space 18432K, 0% used [0x00000000e6d00000,0x00000000e6d00000,0x00000000e7f00000)
  to   space 17920K, 0% used [0x00000000ed400000,0x00000000ed400000,0x00000000ee580000)
 ParOldGen       total 101376K, used 26803K [0x0000000085600000, 0x000000008b900000, 0x00000000d7200000)
  object space 101376K, 26% used [0x0000000085600000,0x000000008702ce20,0x000000008b900000)
 Metaspace       used 56626K, capacity 58956K, committed 59028K, reserved 1099776K
  class space    used 7472K, capacity 7905K, committed 7936K, reserved 1048576K
}
Event: 91,865 GC heap before
{Heap before GC invocations=15 (full 3):
 PSYoungGen      total 275456K, used 256968K [0x00000000d7200000, 0x00000000ee580000, 0x0000000100000000)
  eden space 257024K, 99% used [0x00000000d7200000,0x00000000e6cf2040,0x00000000e6d00000)
  from space 18432K, 0% used [0x00000000e6d00000,0x00000000e6d00000,0x00000000e7f00000)
  to   space 17920K, 0% used [0x00000000ed400000,0x00000000ed400000,0x00000000ee580000)
 ParOldGen       total 101376K, used 26803K [0x0000000085600000, 0x000000008b900000, 0x00000000d7200000)
  object space 101376K, 26% used [0x0000000085600000,0x000000008702ce20,0x000000008b900000)
 Metaspace       used 57078K, capacity 59554K, committed 59736K, reserved 1101824K
  class space    used 7502K, capacity 7937K, committed 8064K, reserved 1048576K
Event: 92,168 GC heap after
Heap after GC invocations=15 (full 3):
 PSYoungGen      total 363008K, used 9220K [0x00000000d7200000, 0x00000000ee600000, 0x0000000100000000)
  eden space 345088K, 0% used [0x00000000d7200000,0x00000000d7200000,0x00000000ec300000)
  from space 17920K, 51% used [0x00000000ed400000,0x00000000edd013d8,0x00000000ee580000)
  to   space 17408K, 0% used [0x00000000ec300000,0x00000000ec300000,0x00000000ed400000)
 ParOldGen       total 101376K, used 26811K [0x0000000085600000, 0x000000008b900000, 0x00000000d7200000)
  object space 101376K, 26% used [0x0000000085600000,0x000000008702ee20,0x000000008b900000)
 Metaspace       used 57078K, capacity 59554K, committed 59736K, reserved 1101824K
  class space    used 7502K, capacity 7937K, committed 8064K, reserved 1048576K
}
Event: 248,618 GC heap before
{Heap before GC invocations=16 (full 3):
 PSYoungGen      total 363008K, used 354308K [0x00000000d7200000, 0x00000000ee600000, 0x0000000100000000)
  eden space 345088K, 100% used [0x00000000d7200000,0x00000000ec300000,0x00000000ec300000)
  from space 17920K, 51% used [0x00000000ed400000,0x00000000edd013d8,0x00000000ee580000)
  to   space 17408K, 0% used [0x00000000ec300000,0x00000000ec300000,0x00000000ed400000)
 ParOldGen       total 101376K, used 26811K [0x0000000085600000, 0x000000008b900000, 0x00000000d7200000)
  object space 101376K, 26% used [0x0000000085600000,0x000000008702ee20,0x000000008b900000)
 Metaspace       used 57526K, capacity 60034K, committed 60248K, reserved 1101824K
  class space    used 7519K, capacity 7962K, committed 8064K, reserved 1048576K

